<?xml version="1.0" encoding="UTF-8"?>
<!-- Generated by org.testng.reporters.JUnitXMLReporter -->
<testsuite hostname="PunitGarg-PC" name="Create_Agreement" tests="4" failures="0" timestamp="5 Aug 2015 10:39:32 GMT" time="118.618" errors="0">
  <testcase name="testPrivateUserSelection" time="2.369" classname="com.ig.egreement.testing.TestNG_Test"/>
  <testcase name="testPrivateUserLogin" time="44.619" classname="com.ig.egreement.testing.TestNG_Test"/>
  <testcase name="testCreateAgreementPage" time="1.044" classname="com.ig.egreement.testing.TestNG_Test"/>
  <testcase name="testCreateAgreement" time="53.195" classname="com.ig.egreement.testing.TestNG_Test"/>
</testsuite> <!-- Create_Agreement -->
